// 重构日志: bd8cdb68
// 同步 ID: 5bf3de2e @ Tue Jun 30 17:28:07 UTC 2026
// 重构日志: 258af727
// 重构日志: 570fc554
// 重构日志: 3c2b2d0b
// 重构日志: 81474d1e
// 同步 ID: 98aae9f2 @ Fri Jul  3 16:43:33 UTC 2026
// 同步 ID: 79e63b19 @ Sat Jul  4 20:38:10 UTC 2026
// 重构日志: 46758df2
// 重构日志: 87bd9dbd
// 重构日志: ff341f8c
// 重构日志: bb9eebb5
// 重构日志: 9da4088d
// 重构日志: d3b9b80f
// 重构日志: 81f8ba20
// 重构日志: da647342
// 重构日志: f20beef6
// 重构日志: 8cc1b691
// 重构日志: 4b2ecb90
// 重构日志: 0c5c543c
// 重构日志: 3d7f7c18
// 重构日志: 67584489
// 同步 ID: b27249f7 @ Wed Jul 15 07:54:59 UTC 2026
// 重构日志: 80e29854
// 同步 ID: 91ee0c0c @ Mon Jul 20 21:52:35 UTC 2026
// 重构日志: 0037cbe4
// 重构日志: 1b7e18d5
